<?xml version="1.0" encoding="UTF-8"?>
<testng-results ignored="0" total="1" passed="1" failed="0" skipped="0">
  <reporter-output>
  </reporter-output>
  <suite started-at="2022-11-10T15:14:01 IST" name="Default suite" finished-at="2022-11-10T15:14:03 IST" duration-ms="2189">
    <groups>
    </groups>
    <test started-at="2022-11-10T15:14:01 IST" name="Default test" finished-at="2022-11-10T15:14:03 IST" duration-ms="2189">
      <class name="parameter.QueryTest">
        <test-method signature="queryParameterTest()[pri:0, instance:parameter.QueryTest@47987356]" started-at="2022-11-10T15:14:01 IST" name="queryParameterTest" finished-at="2022-11-10T15:14:03 IST" duration-ms="2151" status="PASS">
          <reporter-output>
          </reporter-output>
        </test-method> <!-- queryParameterTest -->
      </class> <!-- parameter.QueryTest -->
    </test> <!-- Default test -->
  </suite> <!-- Default suite -->
</testng-results>
